<?xml version="1.0" encoding="UTF-8"?>
<coverage generated="1644377451611" clover="3.2.0">
  <project timestamp="1644377451611" name="All files">
    <metrics statements="76" coveredstatements="69" conditionals="50" coveredconditionals="43" methods="11" coveredmethods="11" elements="137" coveredelements="123" complexity="0" loc="76" ncloc="76" packages="1" files="1" classes="1"/>
    <file name="main.js" path="/Users/abdulsubhan.latif/OneDrive - Arup/ada college/testing jan 2022/assignment 2/TIATestingProject/adacoin/src/main.js">
      <metrics statements="76" coveredstatements="69" conditionals="50" coveredconditionals="43" methods="11" coveredmethods="11"/>
      <line num="1" count="1" type="stmt"/>
      <line num="2" count="1" type="stmt"/>
      <line num="3" count="1" type="stmt"/>
      <line num="11" count="48" type="stmt"/>
      <line num="12" count="48" type="stmt"/>
      <line num="13" count="48" type="stmt"/>
      <line num="16" count="48" type="stmt"/>
      <line num="21" count="60" type="stmt"/>
      <line num="22" count="60" type="stmt"/>
      <line num="28" count="28" type="cond" truecount="2" falsecount="0"/>
      <line num="29" count="1" type="stmt"/>
      <line num="33" count="27" type="cond" truecount="4" falsecount="0"/>
      <line num="34" count="5" type="stmt"/>
      <line num="38" count="22" type="cond" truecount="2" falsecount="0"/>
      <line num="39" count="15" type="stmt"/>
      <line num="42" count="15" type="cond" truecount="2" falsecount="0"/>
      <line num="44" count="13" type="cond" truecount="2" falsecount="0"/>
      <line num="45" count="1" type="stmt"/>
      <line num="49" count="2" type="stmt"/>
      <line num="54" count="12" type="cond" truecount="2" falsecount="0"/>
      <line num="55" count="3" type="stmt"/>
      <line num="59" count="9" type="cond" truecount="4" falsecount="0"/>
      <line num="60" count="3" type="stmt"/>
      <line num="65" count="13" type="cond" truecount="2" falsecount="0"/>
      <line num="66" count="7" type="stmt"/>
      <line num="69" count="7" type="cond" truecount="1" falsecount="1"/>
      <line num="71" count="7" type="cond" truecount="1" falsecount="1"/>
      <line num="72" count="0" type="stmt"/>
      <line num="76" count="0" type="stmt"/>
      <line num="81" count="7" type="cond" truecount="1" falsecount="1"/>
      <line num="82" count="0" type="stmt"/>
      <line num="86" count="7" type="cond" truecount="4" falsecount="0"/>
      <line num="87" count="2" type="stmt"/>
      <line num="91" count="11" type="stmt"/>
      <line num="97" count="8" type="stmt"/>
      <line num="102" count="8" type="stmt"/>
      <line num="107" count="6" type="stmt"/>
      <line num="111" count="6" type="cond" truecount="1" falsecount="1"/>
      <line num="112" count="0" type="stmt"/>
      <line num="117" count="6" type="stmt"/>
      <line num="118" count="6" type="stmt"/>
      <line num="120" count="6" type="stmt"/>
      <line num="124" count="11" type="stmt"/>
      <line num="125" count="4" type="cond" truecount="2" falsecount="0"/>
      <line num="126" count="1" type="stmt"/>
      <line num="131" count="10" type="stmt"/>
      <line num="132" count="10" type="cond" truecount="2" falsecount="0"/>
      <line num="133" count="1" type="stmt"/>
      <line num="136" count="9" type="stmt"/>
      <line num="137" count="9" type="stmt"/>
      <line num="141" count="9" type="cond" truecount="2" falsecount="0"/>
      <line num="143" count="8" type="cond" truecount="1" falsecount="1"/>
      <line num="145" count="8" type="cond" truecount="1" falsecount="1"/>
      <line num="146" count="0" type="stmt"/>
      <line num="150" count="0" type="stmt"/>
      <line num="154" count="1" type="stmt"/>
      <line num="157" count="8" type="stmt"/>
      <line num="162" count="2" type="stmt"/>
      <line num="163" count="3" type="stmt"/>
      <line num="164" count="3" type="stmt"/>
      <line num="167" count="3" type="cond" truecount="2" falsecount="0"/>
      <line num="168" count="1" type="stmt"/>
      <line num="171" count="2" type="cond" truecount="1" falsecount="1"/>
      <line num="172" count="0" type="stmt"/>
      <line num="176" count="1" type="stmt"/>
      <line num="181" count="2" type="cond" truecount="2" falsecount="0"/>
      <line num="182" count="1" type="stmt"/>
      <line num="185" count="1" type="stmt"/>
      <line num="186" count="1" type="stmt"/>
      <line num="187" count="2" type="cond" truecount="2" falsecount="0"/>
      <line num="189" count="1" type="stmt"/>
      <line num="195" count="1" type="stmt"/>
      <line num="196" count="3" type="stmt"/>
      <line num="200" count="1" type="stmt"/>
      <line num="201" count="2" type="stmt"/>
      <line num="206" count="1" type="stmt"/>
    </file>
  </project>
</coverage>
