{"/Users/abdulsubhan.latif/OneDrive - Arup/ada college/testing jan 2022/assignment 2/TIATestingProject/adacoin/src/main.js": {"path":"/Users/abdulsubhan.latif/OneDrive - Arup/ada college/testing jan 2022/assignment 2/TIATestingProject/adacoin/src/main.js","statementMap":{"0":{"start":{"line":1,"column":15},"end":{"line":1,"column":42}},"1":{"start":{"line":2,"column":13},"end":{"line":2,"column":28}},"2":{"start":{"line":3,"column":15},"end":{"line":3,"column":32}},"3":{"start":{"line":11,"column":4},"end":{"line":11,"column":17}},"4":{"start":{"line":12,"column":4},"end":{"line":12,"column":35}},"5":{"start":{"line":13,"column":4},"end":{"line":13,"column":23}},"6":{"start":{"line":16,"column":4},"end":{"line":16,"column":37}},"7":{"start":{"line":21,"column":15},"end":{"line":21,"column":80}},"8":{"start":{"line":22,"column":4},"end":{"line":22,"column":27}},"9":{"start":{"line":28,"column":4},"end":{"line":30,"column":5}},"10":{"start":{"line":29,"column":6},"end":{"line":29,"column":18}},"11":{"start":{"line":33,"column":4},"end":{"line":35,"column":5}},"12":{"start":{"line":34,"column":6},"end":{"line":34,"column":19}},"13":{"start":{"line":38,"column":4},"end":{"line":62,"column":5}},"14":{"start":{"line":39,"column":19},"end":{"line":39,"column":42}},"15":{"start":{"line":42,"column":6},"end":{"line":50,"column":7}},"16":{"start":{"line":44,"column":8},"end":{"line":46,"column":9}},"17":{"start":{"line":45,"column":10},"end":{"line":45,"column":22}},"18":{"start":{"line":49,"column":8},"end":{"line":49,"column":20}},"19":{"start":{"line":54,"column":6},"end":{"line":56,"column":7}},"20":{"start":{"line":55,"column":8},"end":{"line":55,"column":20}},"21":{"start":{"line":59,"column":6},"end":{"line":61,"column":7}},"22":{"start":{"line":60,"column":8},"end":{"line":60,"column":20}},"23":{"start":{"line":65,"column":4},"end":{"line":89,"column":5}},"24":{"start":{"line":66,"column":18},"end":{"line":66,"column":40}},"25":{"start":{"line":69,"column":6},"end":{"line":77,"column":7}},"26":{"start":{"line":71,"column":8},"end":{"line":73,"column":9}},"27":{"start":{"line":72,"column":10},"end":{"line":72,"column":22}},"28":{"start":{"line":76,"column":8},"end":{"line":76,"column":20}},"29":{"start":{"line":81,"column":6},"end":{"line":83,"column":7}},"30":{"start":{"line":82,"column":8},"end":{"line":82,"column":20}},"31":{"start":{"line":86,"column":6},"end":{"line":88,"column":7}},"32":{"start":{"line":87,"column":8},"end":{"line":87,"column":20}},"33":{"start":{"line":91,"column":4},"end":{"line":91,"column":15}},"34":{"start":{"line":97,"column":4},"end":{"line":97,"column":41}},"35":{"start":{"line":102,"column":4},"end":{"line":102,"column":53}},"36":{"start":{"line":107,"column":4},"end":{"line":107,"column":45}},"37":{"start":{"line":111,"column":4},"end":{"line":113,"column":5}},"38":{"start":{"line":112,"column":6},"end":{"line":112,"column":12}},"39":{"start":{"line":117,"column":4},"end":{"line":117,"column":43}},"40":{"start":{"line":118,"column":4},"end":{"line":118,"column":45}},"41":{"start":{"line":120,"column":4},"end":{"line":120,"column":30}},"42":{"start":{"line":124,"column":4},"end":{"line":128,"column":5}},"43":{"start":{"line":124,"column":17},"end":{"line":124,"column":18}},"44":{"start":{"line":125,"column":6},"end":{"line":127,"column":7}},"45":{"start":{"line":126,"column":8},"end":{"line":126,"column":20}},"46":{"start":{"line":131,"column":32},"end":{"line":131,"column":129}},"47":{"start":{"line":132,"column":4},"end":{"line":134,"column":5}},"48":{"start":{"line":133,"column":6},"end":{"line":133,"column":18}},"49":{"start":{"line":136,"column":23},"end":{"line":136,"column":45}},"50":{"start":{"line":137,"column":22},"end":{"line":137,"column":32}},"51":{"start":{"line":141,"column":4},"end":{"line":155,"column":5}},"52":{"start":{"line":143,"column":6},"end":{"line":151,"column":7}},"53":{"start":{"line":145,"column":8},"end":{"line":147,"column":9}},"54":{"start":{"line":146,"column":10},"end":{"line":146,"column":22}},"55":{"start":{"line":150,"column":8},"end":{"line":150,"column":20}},"56":{"start":{"line":154,"column":6},"end":{"line":154,"column":18}},"57":{"start":{"line":157,"column":4},"end":{"line":157,"column":15}},"58":{"start":{"line":162,"column":4},"end":{"line":174,"column":5}},"59":{"start":{"line":162,"column":17},"end":{"line":162,"column":18}},"60":{"start":{"line":163,"column":22},"end":{"line":163,"column":37}},"61":{"start":{"line":164,"column":23},"end":{"line":164,"column":42}},"62":{"start":{"line":167,"column":6},"end":{"line":169,"column":7}},"63":{"start":{"line":168,"column":8},"end":{"line":168,"column":21}},"64":{"start":{"line":171,"column":6},"end":{"line":173,"column":7}},"65":{"start":{"line":172,"column":8},"end":{"line":172,"column":21}},"66":{"start":{"line":176,"column":4},"end":{"line":176,"column":16}},"67":{"start":{"line":181,"column":4},"end":{"line":183,"column":5}},"68":{"start":{"line":182,"column":6},"end":{"line":182,"column":19}},"69":{"start":{"line":185,"column":16},"end":{"line":185,"column":17}},"70":{"start":{"line":186,"column":4},"end":{"line":188,"column":5}},"71":{"start":{"line":186,"column":17},"end":{"line":186,"column":18}},"72":{"start":{"line":187,"column":6},"end":{"line":187,"column":98}},"73":{"start":{"line":189,"column":4},"end":{"line":189,"column":27}},"74":{"start":{"line":195,"column":4},"end":{"line":197,"column":5}},"75":{"start":{"line":195,"column":17},"end":{"line":195,"column":18}},"76":{"start":{"line":196,"column":6},"end":{"line":196,"column":57}},"77":{"start":{"line":200,"column":4},"end":{"line":202,"column":5}},"78":{"start":{"line":200,"column":17},"end":{"line":200,"column":18}},"79":{"start":{"line":201,"column":6},"end":{"line":201,"column":49}},"80":{"start":{"line":206,"column":0},"end":{"line":206,"column":34}}},"fnMap":{"0":{"name":"(anonymous_0)","decl":{"start":{"line":6,"column":2},"end":{"line":6,"column":3}},"loc":{"start":{"line":6,"column":38},"end":{"line":17,"column":3}},"line":6},"1":{"name":"(anonymous_1)","decl":{"start":{"line":19,"column":2},"end":{"line":19,"column":3}},"loc":{"start":{"line":19,"column":18},"end":{"line":23,"column":3}},"line":19},"2":{"name":"(anonymous_2)","decl":{"start":{"line":26,"column":2},"end":{"line":26,"column":3}},"loc":{"start":{"line":26,"column":21},"end":{"line":92,"column":3}},"line":26},"3":{"name":"(anonymous_3)","decl":{"start":{"line":96,"column":2},"end":{"line":96,"column":3}},"loc":{"start":{"line":96,"column":16},"end":{"line":98,"column":3}},"line":96},"4":{"name":"(anonymous_4)","decl":{"start":{"line":100,"column":2},"end":{"line":100,"column":3}},"loc":{"start":{"line":100,"column":17},"end":{"line":103,"column":3}},"line":100},"5":{"name":"(anonymous_5)","decl":{"start":{"line":105,"column":2},"end":{"line":105,"column":3}},"loc":{"start":{"line":105,"column":14},"end":{"line":108,"column":3}},"line":105},"6":{"name":"(anonymous_6)","decl":{"start":{"line":110,"column":2},"end":{"line":110,"column":3}},"loc":{"start":{"line":110,"column":21},"end":{"line":121,"column":3}},"line":110},"7":{"name":"(anonymous_7)","decl":{"start":{"line":123,"column":2},"end":{"line":123,"column":3}},"loc":{"start":{"line":123,"column":23},"end":{"line":158,"column":3}},"line":123},"8":{"name":"(anonymous_8)","decl":{"start":{"line":160,"column":2},"end":{"line":160,"column":3}},"loc":{"start":{"line":160,"column":12},"end":{"line":177,"column":3}},"line":160},"9":{"name":"(anonymous_9)","decl":{"start":{"line":180,"column":2},"end":{"line":180,"column":3}},"loc":{"start":{"line":180,"column":12},"end":{"line":190,"column":3}},"line":180},"10":{"name":"(anonymous_10)","decl":{"start":{"line":193,"column":2},"end":{"line":193,"column":3}},"loc":{"start":{"line":193,"column":12},"end":{"line":203,"column":3}},"line":193}},"branchMap":{"0":{"loc":{"start":{"line":28,"column":4},"end":{"line":30,"column":5}},"type":"if","locations":[{"start":{"line":28,"column":4},"end":{"line":30,"column":5}},{"start":{},"end":{}}],"line":28},"1":{"loc":{"start":{"line":33,"column":4},"end":{"line":35,"column":5}},"type":"if","locations":[{"start":{"line":33,"column":4},"end":{"line":35,"column":5}},{"start":{},"end":{}}],"line":33},"2":{"loc":{"start":{"line":33,"column":8},"end":{"line":33,"column":73}},"type":"binary-expr","locations":[{"start":{"line":33,"column":8},"end":{"line":33,"column":39}},{"start":{"line":33,"column":43},"end":{"line":33,"column":73}}],"line":33},"3":{"loc":{"start":{"line":38,"column":4},"end":{"line":62,"column":5}},"type":"if","locations":[{"start":{"line":38,"column":4},"end":{"line":62,"column":5}},{"start":{},"end":{}}],"line":38},"4":{"loc":{"start":{"line":42,"column":6},"end":{"line":50,"column":7}},"type":"if","locations":[{"start":{"line":42,"column":6},"end":{"line":50,"column":7}},{"start":{"line":48,"column":11},"end":{"line":50,"column":7}}],"line":42},"5":{"loc":{"start":{"line":44,"column":8},"end":{"line":46,"column":9}},"type":"if","locations":[{"start":{"line":44,"column":8},"end":{"line":46,"column":9}},{"start":{},"end":{}}],"line":44},"6":{"loc":{"start":{"line":54,"column":6},"end":{"line":56,"column":7}},"type":"if","locations":[{"start":{"line":54,"column":6},"end":{"line":56,"column":7}},{"start":{},"end":{}}],"line":54},"7":{"loc":{"start":{"line":59,"column":6},"end":{"line":61,"column":7}},"type":"if","locations":[{"start":{"line":59,"column":6},"end":{"line":61,"column":7}},{"start":{},"end":{}}],"line":59},"8":{"loc":{"start":{"line":59,"column":10},"end":{"line":59,"column":38}},"type":"binary-expr","locations":[{"start":{"line":59,"column":10},"end":{"line":59,"column":21}},{"start":{"line":59,"column":25},"end":{"line":59,"column":38}}],"line":59},"9":{"loc":{"start":{"line":65,"column":4},"end":{"line":89,"column":5}},"type":"if","locations":[{"start":{"line":65,"column":4},"end":{"line":89,"column":5}},{"start":{},"end":{}}],"line":65},"10":{"loc":{"start":{"line":69,"column":6},"end":{"line":77,"column":7}},"type":"if","locations":[{"start":{"line":69,"column":6},"end":{"line":77,"column":7}},{"start":{"line":75,"column":11},"end":{"line":77,"column":7}}],"line":69},"11":{"loc":{"start":{"line":71,"column":8},"end":{"line":73,"column":9}},"type":"if","locations":[{"start":{"line":71,"column":8},"end":{"line":73,"column":9}},{"start":{},"end":{}}],"line":71},"12":{"loc":{"start":{"line":81,"column":6},"end":{"line":83,"column":7}},"type":"if","locations":[{"start":{"line":81,"column":6},"end":{"line":83,"column":7}},{"start":{},"end":{}}],"line":81},"13":{"loc":{"start":{"line":86,"column":6},"end":{"line":88,"column":7}},"type":"if","locations":[{"start":{"line":86,"column":6},"end":{"line":88,"column":7}},{"start":{},"end":{}}],"line":86},"14":{"loc":{"start":{"line":86,"column":10},"end":{"line":86,"column":37}},"type":"binary-expr","locations":[{"start":{"line":86,"column":10},"end":{"line":86,"column":20}},{"start":{"line":86,"column":24},"end":{"line":86,"column":37}}],"line":86},"15":{"loc":{"start":{"line":111,"column":4},"end":{"line":113,"column":5}},"type":"if","locations":[{"start":{"line":111,"column":4},"end":{"line":113,"column":5}},{"start":{},"end":{}}],"line":111},"16":{"loc":{"start":{"line":125,"column":6},"end":{"line":127,"column":7}},"type":"if","locations":[{"start":{"line":125,"column":6},"end":{"line":127,"column":7}},{"start":{},"end":{}}],"line":125},"17":{"loc":{"start":{"line":132,"column":4},"end":{"line":134,"column":5}},"type":"if","locations":[{"start":{"line":132,"column":4},"end":{"line":134,"column":5}},{"start":{},"end":{}}],"line":132},"18":{"loc":{"start":{"line":141,"column":4},"end":{"line":155,"column":5}},"type":"if","locations":[{"start":{"line":141,"column":4},"end":{"line":155,"column":5}},{"start":{"line":153,"column":9},"end":{"line":155,"column":5}}],"line":141},"19":{"loc":{"start":{"line":143,"column":6},"end":{"line":151,"column":7}},"type":"if","locations":[{"start":{"line":143,"column":6},"end":{"line":151,"column":7}},{"start":{"line":149,"column":11},"end":{"line":151,"column":7}}],"line":143},"20":{"loc":{"start":{"line":145,"column":8},"end":{"line":147,"column":9}},"type":"if","locations":[{"start":{"line":145,"column":8},"end":{"line":147,"column":9}},{"start":{},"end":{}}],"line":145},"21":{"loc":{"start":{"line":167,"column":6},"end":{"line":169,"column":7}},"type":"if","locations":[{"start":{"line":167,"column":6},"end":{"line":169,"column":7}},{"start":{},"end":{}}],"line":167},"22":{"loc":{"start":{"line":171,"column":6},"end":{"line":173,"column":7}},"type":"if","locations":[{"start":{"line":171,"column":6},"end":{"line":173,"column":7}},{"start":{},"end":{}}],"line":171},"23":{"loc":{"start":{"line":181,"column":4},"end":{"line":183,"column":5}},"type":"if","locations":[{"start":{"line":181,"column":4},"end":{"line":183,"column":5}},{"start":{},"end":{}}],"line":181},"24":{"loc":{"start":{"line":187,"column":15},"end":{"line":187,"column":98}},"type":"binary-expr","locations":[{"start":{"line":187,"column":15},"end":{"line":187,"column":55}},{"start":{"line":187,"column":59},"end":{"line":187,"column":98}}],"line":187}},"s":{"0":1,"1":1,"2":1,"3":48,"4":48,"5":48,"6":48,"7":60,"8":60,"9":28,"10":1,"11":27,"12":5,"13":22,"14":15,"15":15,"16":13,"17":1,"18":2,"19":12,"20":3,"21":9,"22":3,"23":13,"24":7,"25":7,"26":7,"27":0,"28":0,"29":7,"30":0,"31":7,"32":2,"33":11,"34":8,"35":8,"36":6,"37":6,"38":0,"39":6,"40":6,"41":6,"42":11,"43":11,"44":4,"45":1,"46":10,"47":10,"48":1,"49":9,"50":9,"51":9,"52":8,"53":8,"54":0,"55":0,"56":1,"57":8,"58":2,"59":2,"60":3,"61":3,"62":3,"63":1,"64":2,"65":0,"66":1,"67":2,"68":1,"69":1,"70":1,"71":1,"72":2,"73":1,"74":1,"75":1,"76":3,"77":1,"78":1,"79":2,"80":1},"f":{"0":48,"1":60,"2":28,"3":8,"4":8,"5":6,"6":6,"7":11,"8":2,"9":2,"10":1},"b":{"0":[1,27],"1":[5,22],"2":[27,12],"3":[15,7],"4":[13,2],"5":[1,12],"6":[3,9],"7":[3,6],"8":[9,7],"9":[7,6],"10":[7,0],"11":[0,7],"12":[0,7],"13":[2,5],"14":[7,6],"15":[0,6],"16":[1,3],"17":[1,9],"18":[8,1],"19":[8,0],"20":[0,8],"21":[1,2],"22":[0,2],"23":[1,1],"24":[2,1]},"_coverageSchema":"1a1c01bbd47fc00a2c39e90264f33305004495a9","hash":"a4d4175baa3f45624bada32a8e58164c35fd03bc"}
}
