TN:
SF:adacoin/src/main.js
FN:6,(anonymous_0)
FN:19,(anonymous_1)
FN:26,(anonymous_2)
FN:96,(anonymous_3)
FN:100,(anonymous_4)
FN:105,(anonymous_5)
FN:110,(anonymous_6)
FN:123,(anonymous_7)
FN:160,(anonymous_8)
FN:180,(anonymous_9)
FN:193,(anonymous_10)
FNF:11
FNH:11
FNDA:48,(anonymous_0)
FNDA:60,(anonymous_1)
FNDA:28,(anonymous_2)
FNDA:8,(anonymous_3)
FNDA:8,(anonymous_4)
FNDA:6,(anonymous_5)
FNDA:6,(anonymous_6)
FNDA:11,(anonymous_7)
FNDA:2,(anonymous_8)
FNDA:2,(anonymous_9)
FNDA:1,(anonymous_10)
DA:1,1
DA:2,1
DA:3,1
DA:11,48
DA:12,48
DA:13,48
DA:16,48
DA:21,60
DA:22,60
DA:28,28
DA:29,1
DA:33,27
DA:34,5
DA:38,22
DA:39,15
DA:42,15
DA:44,13
DA:45,1
DA:49,2
DA:54,12
DA:55,3
DA:59,9
DA:60,3
DA:65,13
DA:66,7
DA:69,7
DA:71,7
DA:72,0
DA:76,0
DA:81,7
DA:82,0
DA:86,7
DA:87,2
DA:91,11
DA:97,8
DA:102,8
DA:107,6
DA:111,6
DA:112,0
DA:117,6
DA:118,6
DA:120,6
DA:124,11
DA:125,4
DA:126,1
DA:131,10
DA:132,10
DA:133,1
DA:136,9
DA:137,9
DA:141,9
DA:143,8
DA:145,8
DA:146,0
DA:150,0
DA:154,1
DA:157,8
DA:162,2
DA:163,3
DA:164,3
DA:167,3
DA:168,1
DA:171,2
DA:172,0
DA:176,1
DA:181,2
DA:182,1
DA:185,1
DA:186,1
DA:187,2
DA:189,1
DA:195,1
DA:196,3
DA:200,1
DA:201,2
DA:206,1
LF:76
LH:69
BRDA:28,0,0,1
BRDA:28,0,1,27
BRDA:33,1,0,5
BRDA:33,1,1,22
BRDA:33,2,0,27
BRDA:33,2,1,12
BRDA:38,3,0,15
BRDA:38,3,1,7
BRDA:42,4,0,13
BRDA:42,4,1,2
BRDA:44,5,0,1
BRDA:44,5,1,12
BRDA:54,6,0,3
BRDA:54,6,1,9
BRDA:59,7,0,3
BRDA:59,7,1,6
BRDA:59,8,0,9
BRDA:59,8,1,7
BRDA:65,9,0,7
BRDA:65,9,1,6
BRDA:69,10,0,7
BRDA:69,10,1,0
BRDA:71,11,0,0
BRDA:71,11,1,7
BRDA:81,12,0,0
BRDA:81,12,1,7
BRDA:86,13,0,2
BRDA:86,13,1,5
BRDA:86,14,0,7
BRDA:86,14,1,6
BRDA:111,15,0,0
BRDA:111,15,1,6
BRDA:125,16,0,1
BRDA:125,16,1,3
BRDA:132,17,0,1
BRDA:132,17,1,9
BRDA:141,18,0,8
BRDA:141,18,1,1
BRDA:143,19,0,8
BRDA:143,19,1,0
BRDA:145,20,0,0
BRDA:145,20,1,8
BRDA:167,21,0,1
BRDA:167,21,1,2
BRDA:171,22,0,0
BRDA:171,22,1,2
BRDA:181,23,0,1
BRDA:181,23,1,1
BRDA:187,24,0,2
BRDA:187,24,1,1
BRF:50
BRH:43
end_of_record
